c:\users\jane\desktop\wpdpack\examples-pcap\debug\x86\vc142.pdb
c:\users\jane\desktop\wpdpack\examples-pcap\debug\x86\vc142.idb
c:\users\jane\desktop\wpdpack\examples-pcap\debug\x86\udpdump.obj
c:\users\jane\desktop\wpdpack\examples-pcap\debug\x86\udpdump.ilk
c:\users\jane\desktop\wpdpack\examples-pcap\debug\x86\udpdump.exe
c:\users\jane\desktop\wpdpack\examples-pcap\debug\x86\udpdump.pdb
c:\users\jane\desktop\wpdpack\examples-pcap\debug\x86\basic_dump.obj
c:\users\jane\desktop\wpdpack\examples-pcap\debug\x86\readfile.obj
c:\users\jane\desktop\wpdpack\examples-pcap\debug\x86\savedump.obj
c:\users\jane\desktop\wpdpack\examples-pcap\debug\x86\basic_dump.ilk
c:\users\jane\desktop\wpdpack\examples-pcap\debug\x86\readfile.ilk
c:\users\jane\desktop\wpdpack\examples-pcap\debug\x86\savedump.ilk
c:\users\jane\desktop\wpdpack\examples-pcap\debug\x86\basic_dump.pdb
c:\users\jane\desktop\wpdpack\examples-pcap\debug\x86\readfile.pdb
c:\users\jane\desktop\wpdpack\examples-pcap\debug\x86\savedump.pdb
c:\users\jane\desktop\wpdpack\examples-pcap\\debug\x86\udpdump.ilk
c:\users\jane\desktop\wpdpack\examples-pcap\debug\x86\udpdump.tlog\cl.command.1.tlog
c:\users\jane\desktop\wpdpack\examples-pcap\debug\x86\udpdump.tlog\cl.read.1.tlog
c:\users\jane\desktop\wpdpack\examples-pcap\debug\x86\udpdump.tlog\cl.write.1.tlog
c:\users\jane\desktop\wpdpack\examples-pcap\debug\x86\udpdump.tlog\link.command.1.tlog
c:\users\jane\desktop\wpdpack\examples-pcap\debug\x86\udpdump.tlog\link.read.1.tlog
c:\users\jane\desktop\wpdpack\examples-pcap\debug\x86\udpdump.tlog\link.write.1.tlog
